2023-10-10 19:56:54,979 fetching fixtures for 2023-10-07
2023-10-10 19:56:54,981 Starting new HTTPS connection (1): v3.football.api-sports.io:443
2023-10-10 19:56:58,840 https://v3.football.api-sports.io:443 "GET /fixtures?date=2023-10-07&timezone=Africa%2FNairobi HTTP/1.1" 200 None
2023-10-10 19:57:00,165 fetching (page 1) odds for 2023-10-07
2023-10-10 19:57:00,166 Starting new HTTPS connection (1): v3.football.api-sports.io:443
2023-10-10 19:57:02,553 https://v3.football.api-sports.io:443 "GET /odds?date=2023-10-07&timezone=Africa%2FNairobi HTTP/1.1" 200 None
2023-10-10 19:57:04,195 fetching (page 2) odds for 2023-10-07
2023-10-10 19:57:04,196 Starting new HTTPS connection (1): v3.football.api-sports.io:443
2023-10-10 19:57:06,109 https://v3.football.api-sports.io:443 "GET /odds?date=2023-10-07&timezone=Africa%2FNairobi&page=2 HTTP/1.1" 200 None
2023-10-10 19:57:07,479 fetching (page 3) odds for 2023-10-07
2023-10-10 19:57:07,480 Starting new HTTPS connection (1): v3.football.api-sports.io:443
2023-10-10 19:57:09,387 https://v3.football.api-sports.io:443 "GET /odds?date=2023-10-07&timezone=Africa%2FNairobi&page=3 HTTP/1.1" 200 None
2023-10-10 19:57:10,420 fetching (page 4) odds for 2023-10-07
2023-10-10 19:57:10,421 Starting new HTTPS connection (1): v3.football.api-sports.io:443
2023-10-10 19:57:12,659 https://v3.football.api-sports.io:443 "GET /odds?date=2023-10-07&timezone=Africa%2FNairobi&page=4 HTTP/1.1" 200 None
2023-10-10 19:57:13,493 fetching (page 5) odds for 2023-10-07
2023-10-10 19:57:13,494 Starting new HTTPS connection (1): v3.football.api-sports.io:443
2023-10-10 19:57:15,324 https://v3.football.api-sports.io:443 "GET /odds?date=2023-10-07&timezone=Africa%2FNairobi&page=5 HTTP/1.1" 200 None
2023-10-10 19:57:16,589 fetching (page 6) odds for 2023-10-07
2023-10-10 19:57:16,590 Starting new HTTPS connection (1): v3.football.api-sports.io:443
2023-10-10 19:57:18,393 https://v3.football.api-sports.io:443 "GET /odds?date=2023-10-07&timezone=Africa%2FNairobi&page=6 HTTP/1.1" 200 None
2023-10-10 19:57:19,676 fetching (page 7) odds for 2023-10-07
2023-10-10 19:57:19,677 Starting new HTTPS connection (1): v3.football.api-sports.io:443
2023-10-10 19:57:20,900 https://v3.football.api-sports.io:443 "GET /odds?date=2023-10-07&timezone=Africa%2FNairobi&page=7 HTTP/1.1" 200 None
2023-10-10 19:57:21,492 fetching (page 8) odds for 2023-10-07
2023-10-10 19:57:21,493 Starting new HTTPS connection (1): v3.football.api-sports.io:443
2023-10-10 19:57:23,119 https://v3.football.api-sports.io:443 "GET /odds?date=2023-10-07&timezone=Africa%2FNairobi&page=8 HTTP/1.1" 200 None
2023-10-10 19:57:24,358 fetching (page 9) odds for 2023-10-07
2023-10-10 19:57:24,360 Starting new HTTPS connection (1): v3.football.api-sports.io:443
2023-10-10 19:57:26,175 https://v3.football.api-sports.io:443 "GET /odds?date=2023-10-07&timezone=Africa%2FNairobi&page=9 HTTP/1.1" 200 None
2023-10-10 19:57:27,463 fetching (page 10) odds for 2023-10-07
2023-10-10 19:57:27,464 Starting new HTTPS connection (1): v3.football.api-sports.io:443
2023-10-10 19:57:29,247 https://v3.football.api-sports.io:443 "GET /odds?date=2023-10-07&timezone=Africa%2FNairobi&page=10 HTTP/1.1" 200 None
2023-10-10 19:58:31,182 fetching (page 11) odds for 2023-10-07
2023-10-10 19:58:31,183 Starting new HTTPS connection (1): v3.football.api-sports.io:443
2023-10-10 19:58:33,307 https://v3.football.api-sports.io:443 "GET /odds?date=2023-10-07&timezone=Africa%2FNairobi&page=11 HTTP/1.1" 200 None
2023-10-10 19:58:34,226 fetching (page 12) odds for 2023-10-07
2023-10-10 19:58:34,227 Starting new HTTPS connection (1): v3.football.api-sports.io:443
2023-10-10 19:58:35,596 https://v3.football.api-sports.io:443 "GET /odds?date=2023-10-07&timezone=Africa%2FNairobi&page=12 HTTP/1.1" 200 None
2023-10-10 19:58:36,136 fetching (page 13) odds for 2023-10-07
2023-10-10 19:58:36,136 Starting new HTTPS connection (1): v3.football.api-sports.io:443
2023-10-10 19:58:37,983 https://v3.football.api-sports.io:443 "GET /odds?date=2023-10-07&timezone=Africa%2FNairobi&page=13 HTTP/1.1" 200 None
2023-10-10 19:58:38,892 fetching (page 14) odds for 2023-10-07
2023-10-10 19:58:38,893 Starting new HTTPS connection (1): v3.football.api-sports.io:443
2023-10-10 19:58:40,436 https://v3.football.api-sports.io:443 "GET /odds?date=2023-10-07&timezone=Africa%2FNairobi&page=14 HTTP/1.1" 200 None
2023-10-10 19:58:41,145 fetching (page 15) odds for 2023-10-07
2023-10-10 19:58:41,146 Starting new HTTPS connection (1): v3.football.api-sports.io:443
2023-10-10 19:58:42,967 https://v3.football.api-sports.io:443 "GET /odds?date=2023-10-07&timezone=Africa%2FNairobi&page=15 HTTP/1.1" 200 None
2023-10-10 19:58:43,822 fetching (page 16) odds for 2023-10-07
2023-10-10 19:58:43,824 Starting new HTTPS connection (1): v3.football.api-sports.io:443
2023-10-10 19:58:45,060 https://v3.football.api-sports.io:443 "GET /odds?date=2023-10-07&timezone=Africa%2FNairobi&page=16 HTTP/1.1" 200 None
2023-10-10 19:58:45,899 fetching (page 17) odds for 2023-10-07
2023-10-10 19:58:45,900 Starting new HTTPS connection (1): v3.football.api-sports.io:443
2023-10-10 19:58:48,294 https://v3.football.api-sports.io:443 "GET /odds?date=2023-10-07&timezone=Africa%2FNairobi&page=17 HTTP/1.1" 200 None
2023-10-10 19:58:50,375 fetching (page 18) odds for 2023-10-07
2023-10-10 19:58:50,377 Starting new HTTPS connection (1): v3.football.api-sports.io:443
2023-10-10 19:58:52,183 https://v3.football.api-sports.io:443 "GET /odds?date=2023-10-07&timezone=Africa%2FNairobi&page=18 HTTP/1.1" 200 None
2023-10-10 19:58:53,134 fetching (page 19) odds for 2023-10-07
2023-10-10 19:58:53,136 Starting new HTTPS connection (1): v3.football.api-sports.io:443
2023-10-10 19:58:54,640 https://v3.football.api-sports.io:443 "GET /odds?date=2023-10-07&timezone=Africa%2FNairobi&page=19 HTTP/1.1" 200 None
2023-10-10 19:58:56,155 fetching (page 20) odds for 2023-10-07
2023-10-10 19:58:56,156 Starting new HTTPS connection (1): v3.football.api-sports.io:443
2023-10-10 19:58:57,920 https://v3.football.api-sports.io:443 "GET /odds?date=2023-10-07&timezone=Africa%2FNairobi&page=20 HTTP/1.1" 200 None
2023-10-10 19:59:59,618 fetching (page 21) odds for 2023-10-07
2023-10-10 19:59:59,620 Starting new HTTPS connection (1): v3.football.api-sports.io:443
2023-10-10 20:00:03,389 https://v3.football.api-sports.io:443 "GET /odds?date=2023-10-07&timezone=Africa%2FNairobi&page=21 HTTP/1.1" 200 None
2023-10-10 20:00:05,894 fetching (page 22) odds for 2023-10-07
2023-10-10 20:00:05,895 Starting new HTTPS connection (1): v3.football.api-sports.io:443
2023-10-10 20:00:08,722 https://v3.football.api-sports.io:443 "GET /odds?date=2023-10-07&timezone=Africa%2FNairobi&page=22 HTTP/1.1" 200 None
2023-10-10 20:00:11,672 fetching (page 23) odds for 2023-10-07
2023-10-10 20:00:11,673 Starting new HTTPS connection (1): v3.football.api-sports.io:443
2023-10-10 20:00:13,344 https://v3.football.api-sports.io:443 "GET /odds?date=2023-10-07&timezone=Africa%2FNairobi&page=23 HTTP/1.1" 200 None
2023-10-10 20:00:14,398 fetching (page 24) odds for 2023-10-07
2023-10-10 20:00:14,399 Starting new HTTPS connection (1): v3.football.api-sports.io:443
2023-10-10 20:00:16,041 https://v3.football.api-sports.io:443 "GET /odds?date=2023-10-07&timezone=Africa%2FNairobi&page=24 HTTP/1.1" 200 None
2023-10-10 20:00:16,978 fetching (page 25) odds for 2023-10-07
2023-10-10 20:00:16,979 Starting new HTTPS connection (1): v3.football.api-sports.io:443
2023-10-10 20:00:19,215 https://v3.football.api-sports.io:443 "GET /odds?date=2023-10-07&timezone=Africa%2FNairobi&page=25 HTTP/1.1" 200 None
2023-10-10 20:00:20,117 fetching (page 26) odds for 2023-10-07
2023-10-10 20:00:20,119 Starting new HTTPS connection (1): v3.football.api-sports.io:443
2023-10-10 20:00:22,290 https://v3.football.api-sports.io:443 "GET /odds?date=2023-10-07&timezone=Africa%2FNairobi&page=26 HTTP/1.1" 200 None
2023-10-10 20:00:24,049 fetching (page 27) odds for 2023-10-07
2023-10-10 20:00:24,051 Starting new HTTPS connection (1): v3.football.api-sports.io:443
2023-10-10 20:00:26,075 https://v3.football.api-sports.io:443 "GET /odds?date=2023-10-07&timezone=Africa%2FNairobi&page=27 HTTP/1.1" 200 None
2023-10-10 20:00:28,131 fetching (page 28) odds for 2023-10-07
2023-10-10 20:00:28,133 Starting new HTTPS connection (1): v3.football.api-sports.io:443
2023-10-10 20:00:29,865 https://v3.football.api-sports.io:443 "GET /odds?date=2023-10-07&timezone=Africa%2FNairobi&page=28 HTTP/1.1" 200 None
2023-10-10 20:00:30,949 fetching (page 29) odds for 2023-10-07
2023-10-10 20:00:30,950 Starting new HTTPS connection (1): v3.football.api-sports.io:443
2023-10-10 20:00:32,730 https://v3.football.api-sports.io:443 "GET /odds?date=2023-10-07&timezone=Africa%2FNairobi&page=29 HTTP/1.1" 200 None
2023-10-10 20:00:33,519 fetching (page 30) odds for 2023-10-07
2023-10-10 20:00:33,521 Starting new HTTPS connection (1): v3.football.api-sports.io:443
2023-10-10 20:00:36,255 https://v3.football.api-sports.io:443 "GET /odds?date=2023-10-07&timezone=Africa%2FNairobi&page=30 HTTP/1.1" 200 None
2023-10-10 20:01:40,570 fetching (page 31) odds for 2023-10-07
2023-10-10 20:01:40,571 Starting new HTTPS connection (1): v3.football.api-sports.io:443
2023-10-10 20:03:09,279 fetching fixtures for 2023-10-07
2023-10-10 20:03:09,280 Starting new HTTPS connection (1): v3.football.api-sports.io:443
2023-10-10 20:03:10,928 https://v3.football.api-sports.io:443 "GET /fixtures?date=2023-10-07&timezone=Africa%2FNairobi HTTP/1.1" 200 None
2023-10-10 20:03:11,961 fetching (page 1) odds for 2023-10-07
2023-10-10 20:03:11,962 Starting new HTTPS connection (1): v3.football.api-sports.io:443
2023-10-10 20:03:13,181 https://v3.football.api-sports.io:443 "GET /odds?date=2023-10-07&timezone=Africa%2FNairobi HTTP/1.1" 200 None
2023-10-10 20:03:13,867 fetching (page 2) odds for 2023-10-07
2023-10-10 20:03:13,869 Starting new HTTPS connection (1): v3.football.api-sports.io:443
2023-10-10 20:03:14,771 https://v3.football.api-sports.io:443 "GET /odds?date=2023-10-07&timezone=Africa%2FNairobi&page=2 HTTP/1.1" 200 None
2023-10-10 20:03:15,480 fetching (page 3) odds for 2023-10-07
2023-10-10 20:03:15,481 Starting new HTTPS connection (1): v3.football.api-sports.io:443
2023-10-10 20:03:16,791 https://v3.football.api-sports.io:443 "GET /odds?date=2023-10-07&timezone=Africa%2FNairobi&page=3 HTTP/1.1" 200 None
2023-10-10 20:03:17,650 fetching (page 4) odds for 2023-10-07
2023-10-10 20:03:17,652 Starting new HTTPS connection (1): v3.football.api-sports.io:443
2023-10-10 20:03:19,027 https://v3.football.api-sports.io:443 "GET /odds?date=2023-10-07&timezone=Africa%2FNairobi&page=4 HTTP/1.1" 200 None
2023-10-10 20:03:20,260 fetching (page 5) odds for 2023-10-07
2023-10-10 20:03:20,262 Starting new HTTPS connection (1): v3.football.api-sports.io:443
2023-10-10 20:03:21,473 https://v3.football.api-sports.io:443 "GET /odds?date=2023-10-07&timezone=Africa%2FNairobi&page=5 HTTP/1.1" 200 None
2023-10-10 20:03:22,338 fetching (page 6) odds for 2023-10-07
2023-10-10 20:03:22,339 Starting new HTTPS connection (1): v3.football.api-sports.io:443
2023-10-10 20:03:24,033 https://v3.football.api-sports.io:443 "GET /odds?date=2023-10-07&timezone=Africa%2FNairobi&page=6 HTTP/1.1" 200 None
2023-10-10 20:03:25,794 fetching (page 7) odds for 2023-10-07
2023-10-10 20:03:25,795 Starting new HTTPS connection (1): v3.football.api-sports.io:443
2023-10-10 20:03:27,235 https://v3.football.api-sports.io:443 "GET /odds?date=2023-10-07&timezone=Africa%2FNairobi&page=7 HTTP/1.1" 200 None
2023-10-10 20:03:28,073 fetching (page 8) odds for 2023-10-07
2023-10-10 20:03:28,074 Starting new HTTPS connection (1): v3.football.api-sports.io:443
2023-10-10 20:03:29,666 https://v3.football.api-sports.io:443 "GET /odds?date=2023-10-07&timezone=Africa%2FNairobi&page=8 HTTP/1.1" 200 None
2023-10-10 20:03:30,912 fetching (page 9) odds for 2023-10-07
2023-10-10 20:03:30,913 Starting new HTTPS connection (1): v3.football.api-sports.io:443
2023-10-10 20:03:32,213 https://v3.football.api-sports.io:443 "GET /odds?date=2023-10-07&timezone=Africa%2FNairobi&page=9 HTTP/1.1" 200 None
2023-10-10 20:03:35,143 fetching (page 10) odds for 2023-10-07
2023-10-10 20:03:35,144 Starting new HTTPS connection (1): v3.football.api-sports.io:443
2023-10-10 20:03:36,831 https://v3.football.api-sports.io:443 "GET /odds?date=2023-10-07&timezone=Africa%2FNairobi&page=10 HTTP/1.1" 200 236
2023-10-10 20:03:36,832 error fetching odds (page 10)
2023-10-10 20:03:36,832 {'get': 'odds', 'parameters': {'date': '2023-10-07', 'timezone': 'Africa/Nairobi', 'page': '10'}, 'errors': {'rateLimit': 'Too many requests. Your rate limit is 10 requests per minute.'}, 'results': 0, 'paging': {'current': 1, 'total': 1}, 'response': []}
2023-10-10 20:04:37,893 fetching (page 11) odds for 2023-10-07
2023-10-10 20:04:37,894 Starting new HTTPS connection (1): v3.football.api-sports.io:443
2023-10-10 20:04:39,760 https://v3.football.api-sports.io:443 "GET /odds?date=2023-10-07&timezone=Africa%2FNairobi&page=11 HTTP/1.1" 200 None
2023-10-10 20:04:41,583 fetching (page 12) odds for 2023-10-07
2023-10-10 20:04:41,584 Starting new HTTPS connection (1): v3.football.api-sports.io:443
2023-10-10 20:04:43,064 https://v3.football.api-sports.io:443 "GET /odds?date=2023-10-07&timezone=Africa%2FNairobi&page=12 HTTP/1.1" 200 None
2023-10-10 20:04:44,026 fetching (page 13) odds for 2023-10-07
2023-10-10 20:04:44,027 Starting new HTTPS connection (1): v3.football.api-sports.io:443
2023-10-10 20:04:45,639 https://v3.football.api-sports.io:443 "GET /odds?date=2023-10-07&timezone=Africa%2FNairobi&page=13 HTTP/1.1" 200 None
2023-10-10 20:04:46,963 fetching (page 14) odds for 2023-10-07
2023-10-10 20:04:46,964 Starting new HTTPS connection (1): v3.football.api-sports.io:443
2023-10-10 20:04:48,384 https://v3.football.api-sports.io:443 "GET /odds?date=2023-10-07&timezone=Africa%2FNairobi&page=14 HTTP/1.1" 200 None
2023-10-10 20:04:49,489 fetching (page 15) odds for 2023-10-07
2023-10-10 20:04:49,491 Starting new HTTPS connection (1): v3.football.api-sports.io:443
2023-10-10 20:04:51,073 https://v3.football.api-sports.io:443 "GET /odds?date=2023-10-07&timezone=Africa%2FNairobi&page=15 HTTP/1.1" 200 None
2023-10-10 20:04:51,901 fetching (page 16) odds for 2023-10-07
2023-10-10 20:04:51,903 Starting new HTTPS connection (1): v3.football.api-sports.io:443
2023-10-10 20:04:53,647 https://v3.football.api-sports.io:443 "GET /odds?date=2023-10-07&timezone=Africa%2FNairobi&page=16 HTTP/1.1" 200 None
2023-10-10 20:04:54,468 fetching (page 17) odds for 2023-10-07
2023-10-10 20:04:54,469 Starting new HTTPS connection (1): v3.football.api-sports.io:443
2023-10-10 20:04:55,468 https://v3.football.api-sports.io:443 "GET /odds?date=2023-10-07&timezone=Africa%2FNairobi&page=17 HTTP/1.1" 200 None
2023-10-10 20:04:57,173 fetching (page 18) odds for 2023-10-07
2023-10-10 20:04:57,174 Starting new HTTPS connection (1): v3.football.api-sports.io:443
2023-10-10 20:04:58,588 https://v3.football.api-sports.io:443 "GET /odds?date=2023-10-07&timezone=Africa%2FNairobi&page=18 HTTP/1.1" 200 None
2023-10-10 20:05:00,141 fetching (page 19) odds for 2023-10-07
2023-10-10 20:05:00,142 Starting new HTTPS connection (1): v3.football.api-sports.io:443
2023-10-10 20:05:01,409 https://v3.football.api-sports.io:443 "GET /odds?date=2023-10-07&timezone=Africa%2FNairobi&page=19 HTTP/1.1" 200 None
2023-10-10 20:05:02,877 fetching (page 20) odds for 2023-10-07
2023-10-10 20:05:02,878 Starting new HTTPS connection (1): v3.football.api-sports.io:443
2023-10-10 20:05:04,100 https://v3.football.api-sports.io:443 "GET /odds?date=2023-10-07&timezone=Africa%2FNairobi&page=20 HTTP/1.1" 200 None
2023-10-10 20:06:06,630 fetching (page 21) odds for 2023-10-07
2023-10-10 20:06:06,631 Starting new HTTPS connection (1): v3.football.api-sports.io:443
