2023-10-10 20:12:02,000 fetching fixtures for 2023-10-06
2023-10-10 20:12:02,001 Starting new HTTPS connection (1): v3.football.api-sports.io:443
2023-10-10 20:12:05,178 https://v3.football.api-sports.io:443 "GET /fixtures?date=2023-10-06&timezone=Africa%2FNairobi HTTP/1.1" 200 None
2023-10-10 20:12:05,976 fetching (page 1) odds for 2023-10-06
2023-10-10 20:12:05,976 Starting new HTTPS connection (1): v3.football.api-sports.io:443
2023-10-10 20:12:08,190 https://v3.football.api-sports.io:443 "GET /odds?date=2023-10-06&timezone=Africa%2FNairobi HTTP/1.1" 200 None
2023-10-10 20:12:09,088 fetching (page 2) odds for 2023-10-06
2023-10-10 20:12:09,089 Starting new HTTPS connection (1): v3.football.api-sports.io:443
2023-10-10 20:12:10,646 https://v3.football.api-sports.io:443 "GET /odds?date=2023-10-06&timezone=Africa%2FNairobi&page=2 HTTP/1.1" 200 None
2023-10-10 20:12:11,721 fetching (page 3) odds for 2023-10-06
2023-10-10 20:12:11,722 Starting new HTTPS connection (1): v3.football.api-sports.io:443
2023-10-10 20:12:13,921 https://v3.football.api-sports.io:443 "GET /odds?date=2023-10-06&timezone=Africa%2FNairobi&page=3 HTTP/1.1" 200 None
2023-10-10 20:12:15,377 fetching (page 4) odds for 2023-10-06
2023-10-10 20:12:15,378 Starting new HTTPS connection (1): v3.football.api-sports.io:443
2023-10-10 20:12:16,994 https://v3.football.api-sports.io:443 "GET /odds?date=2023-10-06&timezone=Africa%2FNairobi&page=4 HTTP/1.1" 200 None
2023-10-10 20:12:18,033 fetching (page 5) odds for 2023-10-06
2023-10-10 20:12:18,034 Starting new HTTPS connection (1): v3.football.api-sports.io:443
2023-10-10 20:12:19,963 https://v3.football.api-sports.io:443 "GET /odds?date=2023-10-06&timezone=Africa%2FNairobi&page=5 HTTP/1.1" 200 None
2023-10-10 20:12:21,116 fetching (page 6) odds for 2023-10-06
2023-10-10 20:12:21,117 Starting new HTTPS connection (1): v3.football.api-sports.io:443
2023-10-10 20:12:22,933 https://v3.football.api-sports.io:443 "GET /odds?date=2023-10-06&timezone=Africa%2FNairobi&page=6 HTTP/1.1" 200 None
2023-10-10 20:12:24,417 fetching (page 7) odds for 2023-10-06
2023-10-10 20:12:24,418 Starting new HTTPS connection (1): v3.football.api-sports.io:443
2023-10-10 20:12:26,210 https://v3.football.api-sports.io:443 "GET /odds?date=2023-10-06&timezone=Africa%2FNairobi&page=7 HTTP/1.1" 200 None
2023-10-10 20:12:27,043 fetching (page 8) odds for 2023-10-06
2023-10-10 20:12:27,044 Starting new HTTPS connection (1): v3.football.api-sports.io:443
2023-10-10 20:12:28,667 https://v3.football.api-sports.io:443 "GET /odds?date=2023-10-06&timezone=Africa%2FNairobi&page=8 HTTP/1.1" 200 None
2023-10-10 20:12:29,908 fetching (page 9) odds for 2023-10-06
2023-10-10 20:12:29,909 Starting new HTTPS connection (1): v3.football.api-sports.io:443
2023-10-10 20:12:32,353 https://v3.football.api-sports.io:443 "GET /odds?date=2023-10-06&timezone=Africa%2FNairobi&page=9 HTTP/1.1" 200 None
2023-10-10 20:12:34,498 fetching (page 10) odds for 2023-10-06
2023-10-10 20:12:34,499 Starting new HTTPS connection (1): v3.football.api-sports.io:443
2023-10-10 20:12:36,058 https://v3.football.api-sports.io:443 "GET /odds?date=2023-10-06&timezone=Africa%2FNairobi&page=10 HTTP/1.1" 200 236
2023-10-10 20:12:36,060 error fetching odds (page 10)
2023-10-10 20:12:36,060 {'get': 'odds', 'parameters': {'date': '2023-10-06', 'timezone': 'Africa/Nairobi', 'page': '10'}, 'errors': {'rateLimit': 'Too many requests. Your rate limit is 10 requests per minute.'}, 'results': 0, 'paging': {'current': 1, 'total': 1}, 'response': []}
2023-10-10 20:13:17,375 fetching fixtures for 2023-10-06
2023-10-10 20:13:17,376 Starting new HTTPS connection (1): v3.football.api-sports.io:443
2023-10-10 20:13:19,660 https://v3.football.api-sports.io:443 "GET /fixtures?date=2023-10-06&timezone=Africa%2FNairobi HTTP/1.1" 200 None
2023-10-10 20:13:20,286 fetching (page 1) odds for 2023-10-06
2023-10-10 20:13:20,287 Starting new HTTPS connection (1): v3.football.api-sports.io:443
2023-10-10 20:13:21,503 https://v3.football.api-sports.io:443 "GET /odds?date=2023-10-06&timezone=Africa%2FNairobi HTTP/1.1" 200 None
2023-10-10 20:13:22,139 fetching (page 2) odds for 2023-10-06
2023-10-10 20:13:22,139 Starting new HTTPS connection (1): v3.football.api-sports.io:443
2023-10-10 20:13:23,569 https://v3.football.api-sports.io:443 "GET /odds?date=2023-10-06&timezone=Africa%2FNairobi&page=2 HTTP/1.1" 200 None
2023-10-10 20:13:26,400 fetching (page 3) odds for 2023-10-06
2023-10-10 20:13:26,400 Starting new HTTPS connection (1): v3.football.api-sports.io:443
2023-10-10 20:13:28,057 https://v3.football.api-sports.io:443 "GET /odds?date=2023-10-06&timezone=Africa%2FNairobi&page=3 HTTP/1.1" 200 None
2023-10-10 20:13:29,313 fetching (page 4) odds for 2023-10-06
2023-10-10 20:13:29,314 Starting new HTTPS connection (1): v3.football.api-sports.io:443
2023-10-10 20:13:31,128 https://v3.football.api-sports.io:443 "GET /odds?date=2023-10-06&timezone=Africa%2FNairobi&page=4 HTTP/1.1" 200 None
2023-10-10 20:13:32,483 fetching (page 5) odds for 2023-10-06
2023-10-10 20:13:32,483 Starting new HTTPS connection (1): v3.football.api-sports.io:443
2023-10-10 20:13:33,791 https://v3.football.api-sports.io:443 "GET /odds?date=2023-10-06&timezone=Africa%2FNairobi&page=5 HTTP/1.1" 200 None
2023-10-10 20:13:35,247 fetching (page 6) odds for 2023-10-06
2023-10-10 20:13:35,248 Starting new HTTPS connection (1): v3.football.api-sports.io:443
2023-10-10 20:13:36,248 https://v3.football.api-sports.io:443 "GET /odds?date=2023-10-06&timezone=Africa%2FNairobi&page=6 HTTP/1.1" 200 None
2023-10-10 20:13:37,591 fetching (page 7) odds for 2023-10-06
2023-10-10 20:13:37,593 Starting new HTTPS connection (1): v3.football.api-sports.io:443
2023-10-10 20:13:39,320 https://v3.football.api-sports.io:443 "GET /odds?date=2023-10-06&timezone=Africa%2FNairobi&page=7 HTTP/1.1" 200 None
2023-10-10 20:13:40,564 fetching (page 8) odds for 2023-10-06
2023-10-10 20:13:40,565 Starting new HTTPS connection (1): v3.football.api-sports.io:443
2023-10-10 20:13:41,851 https://v3.football.api-sports.io:443 "GET /odds?date=2023-10-06&timezone=Africa%2FNairobi&page=8 HTTP/1.1" 200 None
2023-10-10 20:13:43,865 fetching (page 9) odds for 2023-10-06
2023-10-10 20:13:43,866 Starting new HTTPS connection (1): v3.football.api-sports.io:443
2023-10-10 20:13:45,668 https://v3.football.api-sports.io:443 "GET /odds?date=2023-10-06&timezone=Africa%2FNairobi&page=9 HTTP/1.1" 200 None
2023-10-10 20:14:48,614 fetching (page 10) odds for 2023-10-06
2023-10-10 20:14:48,615 Starting new HTTPS connection (1): v3.football.api-sports.io:443
2023-10-10 20:14:50,928 https://v3.football.api-sports.io:443 "GET /odds?date=2023-10-06&timezone=Africa%2FNairobi&page=10 HTTP/1.1" 200 None
2023-10-10 20:14:52,868 fetching (page 11) odds for 2023-10-06
2023-10-10 20:14:52,869 Starting new HTTPS connection (1): v3.football.api-sports.io:443
2023-10-10 20:14:54,888 https://v3.football.api-sports.io:443 "GET /odds?date=2023-10-06&timezone=Africa%2FNairobi&page=11 HTTP/1.1" 200 None
2023-10-10 20:14:56,163 fetching (page 12) odds for 2023-10-06
2023-10-10 20:14:56,164 Starting new HTTPS connection (1): v3.football.api-sports.io:443
2023-10-10 20:14:58,166 https://v3.football.api-sports.io:443 "GET /odds?date=2023-10-06&timezone=Africa%2FNairobi&page=12 HTTP/1.1" 200 None
2023-10-10 20:14:59,613 fetching (page 13) odds for 2023-10-06
2023-10-10 20:14:59,615 Starting new HTTPS connection (1): v3.football.api-sports.io:443
2023-10-10 20:15:01,032 https://v3.football.api-sports.io:443 "GET /odds?date=2023-10-06&timezone=Africa%2FNairobi&page=13 HTTP/1.1" 200 None
2023-10-10 20:15:01,693 fetching (page 14) odds for 2023-10-06
2023-10-10 20:15:01,694 Starting new HTTPS connection (1): v3.football.api-sports.io:443
2023-10-10 20:15:04,308 https://v3.football.api-sports.io:443 "GET /odds?date=2023-10-06&timezone=Africa%2FNairobi&page=14 HTTP/1.1" 200 None
2023-10-10 20:15:05,194 fetching (page 15) odds for 2023-10-06
2023-10-10 20:15:05,195 Starting new HTTPS connection (1): v3.football.api-sports.io:443
2023-10-10 20:15:06,641 https://v3.football.api-sports.io:443 "GET /odds?date=2023-10-06&timezone=Africa%2FNairobi&page=15 HTTP/1.1" 200 None
2023-10-10 20:15:07,845 fetching (page 16) odds for 2023-10-06
2023-10-10 20:15:07,846 Starting new HTTPS connection (1): v3.football.api-sports.io:443
2023-10-10 20:15:09,223 https://v3.football.api-sports.io:443 "GET /odds?date=2023-10-06&timezone=Africa%2FNairobi&page=16 HTTP/1.1" 200 None
2023-10-10 20:15:10,499 fetching (page 17) odds for 2023-10-06
2023-10-10 20:15:10,500 Starting new HTTPS connection (1): v3.football.api-sports.io:443
2023-10-10 20:15:12,192 https://v3.football.api-sports.io:443 "GET /odds?date=2023-10-06&timezone=Africa%2FNairobi&page=17 HTTP/1.1" 200 None
2023-10-10 20:15:13,959 fetching (page 18) odds for 2023-10-06
2023-10-10 20:15:13,960 Starting new HTTPS connection (1): v3.football.api-sports.io:443
2023-10-10 20:15:15,026 https://v3.football.api-sports.io:443 "GET /odds?date=2023-10-06&timezone=Africa%2FNairobi&page=18 HTTP/1.1" 200 None
2023-10-10 20:16:16,558 fetching (page 19) odds for 2023-10-06
2023-10-10 20:16:16,559 Starting new HTTPS connection (1): v3.football.api-sports.io:443
2023-10-10 20:16:21,105 https://v3.football.api-sports.io:443 "GET /odds?date=2023-10-06&timezone=Africa%2FNairobi&page=19 HTTP/1.1" 200 None
2023-10-10 20:16:21,933 fetching (page 20) odds for 2023-10-06
2023-10-10 20:16:21,934 Starting new HTTPS connection (1): v3.football.api-sports.io:443
2023-10-10 20:16:23,972 https://v3.football.api-sports.io:443 "GET /odds?date=2023-10-06&timezone=Africa%2FNairobi&page=20 HTTP/1.1" 200 None
2023-10-10 20:16:24,906 fetching (page 21) odds for 2023-10-06
2023-10-10 20:16:24,907 Starting new HTTPS connection (1): v3.football.api-sports.io:443
2023-10-10 20:16:26,533 https://v3.football.api-sports.io:443 "GET /odds?date=2023-10-06&timezone=Africa%2FNairobi&page=21 HTTP/1.1" 200 None
2023-10-10 20:16:27,258 fetching (page 22) odds for 2023-10-06
2023-10-10 20:16:27,259 Starting new HTTPS connection (1): v3.football.api-sports.io:443
2023-10-10 20:16:29,390 https://v3.football.api-sports.io:443 "GET /odds?date=2023-10-06&timezone=Africa%2FNairobi&page=22 HTTP/1.1" 200 None
2023-10-10 20:16:31,408 fetching (page 23) odds for 2023-10-06
2023-10-10 20:16:31,409 Starting new HTTPS connection (1): v3.football.api-sports.io:443
2023-10-10 20:16:32,799 https://v3.football.api-sports.io:443 "GET /odds?date=2023-10-06&timezone=Africa%2FNairobi&page=23 HTTP/1.1" 200 None
2023-10-10 20:16:34,221 fetching (page 24) odds for 2023-10-06
2023-10-10 20:16:34,222 Starting new HTTPS connection (1): v3.football.api-sports.io:443
2023-10-10 20:16:36,211 https://v3.football.api-sports.io:443 "GET /odds?date=2023-10-06&timezone=Africa%2FNairobi&page=24 HTTP/1.1" 200 None
2023-10-10 20:16:38,137 fetching (page 25) odds for 2023-10-06
2023-10-10 20:16:38,138 Starting new HTTPS connection (1): v3.football.api-sports.io:443
2023-10-10 20:16:39,536 https://v3.football.api-sports.io:443 "GET /odds?date=2023-10-06&timezone=Africa%2FNairobi&page=25 HTTP/1.1" 200 None
